<?xml version="1.0" encoding="UTF-8"?>
<!-- Generated by org.testng.reporters.JUnitReportReporter -->
<testsuite hostname="DESKTOP-OFL8S08" failures="0" tests="1" name="appiumtests.PayMax" time="19.218" errors="0" timestamp="2023-09-17T22:14:30 PKT" skipped="0">
  <testcase classname="appiumtests.PayMax" name="setCapabilities" time="19.218"/>
  <system-out/>
</testsuite> <!-- appiumtests.PayMax -->
